mp3record/build/intermediates/manifest_merge_blame_file/release/manifest-merger-blame-release-report.txt
1<?xml version="1.0" encoding="utf-8"?>
2<manifest xmlns:android="http://schemas.android.com/apk/res/android"
3    package="com.zhuyong.mp3record" >
4
5    <uses-sdk
6        android:minSdkVersion="19"
6-->src\main\AndroidManifest.xml
7        android:targetSdkVersion="28" />
7-->src\main\AndroidManifest.xml
8
9    <uses-permission android:name="android.permission.RECORD_AUDIO" />
9-->src\main\AndroidManifest.xml:4:5-71
9-->src\main\AndroidManifest.xml:4:22-68
10    <uses-permission android:name="android.permission.WRITE_EXTERNAL_STORAGE" />
10-->src\main\AndroidManifest.xml:5:5-81
10-->src\main\AndroidManifest.xml:5:22-78
11    <uses-permission android:name="android.permission.READ_EXTERNAL_STORAGE" />
11-->src\main\AndroidManifest.xml:6:5-80
11-->src\main\AndroidManifest.xml:6:22-77
12
13    <application
13-->src\main\AndroidManifest.xml:8:5-16:19
14        android:allowBackup="true"
14-->src\main\AndroidManifest.xml:9:9-35
15        android:label="@string/app_name"
15-->src\main\AndroidManifest.xml:10:9-41
16        android:supportsRtl="true" >
16-->src\main\AndroidManifest.xml:11:9-35
17        <activity
17-->src\main\AndroidManifest.xml:13:9-14:51
18            android:name="com.activity.AudioPlayActivity"
18-->src\main\AndroidManifest.xml:13:19-64
19            android:theme="@style/MyDialogStyle" />
19-->src\main\AndroidManifest.xml:14:13-49
20    </application>
21
22</manifest>